<?xml version="1.0" encoding="utf-8"?><testsuites name="pytest tests"><testsuite name="pytest" errors="0" failures="0" skipped="0" tests="11" time="27.990" timestamp="2026-05-27T06:50:44.341589+00:00" hostname="agent-env-83aa8220-bbc1-4af0-82e9-c71713ebf910"><testcase classname="backend.tests.test_iteration2_extras.TestMissionPresets" name="test_list_presets_returns_five_with_required_fields" time="0.154" /><testcase classname="backend.tests.test_iteration2_extras.TestMissionPresets" name="test_crypto_audit_preset_shape" time="0.047" /><testcase classname="backend.tests.test_iteration2_extras.TestMissionLaunch" name="test_launch_crypto_audit_completes" time="25.383" /><testcase classname="backend.tests.test_iteration2_extras.TestMissionLaunch" name="test_get_mission_by_id" time="0.053" /><testcase classname="backend.tests.test_iteration2_extras.TestMissionLaunch" name="test_get_mission_404" time="0.048" /><testcase classname="backend.tests.test_iteration2_extras.TestMissionLaunch" name="test_list_user_missions" time="0.049" /><testcase classname="backend.tests.test_iteration2_extras.TestStripe" name="test_status_default_for_new_user" time="0.048" /><testcase classname="backend.tests.test_iteration2_extras.TestStripe" name="test_checkout_invalid_plan_returns_400" time="0.047" /><testcase classname="backend.tests.test_iteration2_extras.TestStripe" name="test_checkout_elite_returns_session" time="0.553" /><testcase classname="backend.tests.test_iteration2_extras.TestRegression" name="test_templates_returns_six" time="0.048" /><testcase classname="backend.tests.test_iteration2_extras.TestRegression" name="test_shennell_chat_in_character" time="1.457" /></testsuite></testsuites>