<?xml version="1.0" encoding="utf-8"?><testsuites name="pytest tests"><testsuite name="pytest" errors="0" failures="0" skipped="0" tests="21" time="23.186" timestamp="2026-05-26T12:49:29.816571+00:00" hostname="agent-env-83aa8220-bbc1-4af0-82e9-c71713ebf910"><testcase classname="tests.test_shennell_backend.TestHealth" name="test_root_health" time="0.276" /><testcase classname="tests.test_shennell_backend.TestHealth" name="test_cors_headers" time="0.044" /><testcase classname="tests.test_shennell_backend.TestTemplates" name="test_templates_count_and_names" time="0.044" /><testcase classname="tests.test_shennell_backend.TestTemplates" name="test_templates_no_system_prompt_leak" time="0.041" /><testcase classname="tests.test_shennell_backend.TestShennell" name="test_shennell_chat_first_message" time="2.354" /><testcase classname="tests.test_shennell_backend.TestShennell" name="test_shennell_multi_turn_context" time="5.565" /><testcase classname="tests.test_shennell_backend.TestShennell" name="test_shennell_messages_chronological" time="0.044" /><testcase classname="tests.test_shennell_backend.TestShennell" name="test_shennell_clear_messages" time="1.475" /><testcase classname="tests.test_shennell_backend.TestAgents" name="test_create_agent_from_template_vesper" time="0.044" /><testcase classname="tests.test_shennell_backend.TestAgents" name="test_create_agent_from_template_iris" time="0.083" /><testcase classname="tests.test_shennell_backend.TestAgents" name="test_create_custom_agent" time="0.044" /><testcase classname="tests.test_shennell_backend.TestAgents" name="test_list_agents" time="0.043" /><testcase classname="tests.test_shennell_backend.TestAgents" name="test_get_single_agent" time="0.044" /><testcase classname="tests.test_shennell_backend.TestAgents" name="test_get_agent_404" time="0.043" /><testcase classname="tests.test_shennell_backend.TestAgents" name="test_max_5_agents_enforced" time="0.131" /><testcase classname="tests.test_shennell_backend.TestAgentChat" name="test_chat_with_vesper_in_character" time="6.804" /><testcase classname="tests.test_shennell_backend.TestAgentChat" name="test_agent_messages_history_and_threading" time="0.045" /><testcase classname="tests.test_shennell_backend.TestAgentChat" name="test_chat_wrong_user_id_forbidden" time="0.040" /><testcase classname="tests.test_shennell_backend.TestImageGen" name="test_image_gen_on_non_image_agent_returns_400" time="0.081" /><testcase classname="tests.test_shennell_backend.TestImageGen" name="test_image_gen_on_iris" time="4.888" /><testcase classname="tests.test_shennell_backend.TestDeleteCascade" name="test_delete_agent_wipes_messages" time="0.919" /></testsuite></testsuites>